<?xml version="1.0" encoding="UTF-8"?>
<!-- Generated by org.testng.reporters.JUnitReportReporter -->
<testsuite hostname="LAPTOP-5UTAJ3GQ" failures="0" tests="1" name="DynamicJson" time="2.784" errors="0" timestamp="2024-10-18T12:30:03 IST" skipped="0">
  <testcase classname="DynamicJson" name="addBook2" time="2.784"/>
  <system-out/>
</testsuite> <!-- DynamicJson -->
