<?xml version="1.0" encoding="UTF-8"?>
<!-- Generated by org.testng.reporters.JUnitReportReporter -->
<testsuite hostname="LAPTOP-5UTAJ3GQ" failures="0" tests="1" name="TotalSum" time="1.340" errors="0" timestamp="2024-10-03T13:37:52 IST" skipped="0">
  <testcase classname="TotalSum" name="ToFindTotalSum" time="1.340"/>
  <system-out/>
</testsuite> <!-- TotalSum -->
